<?xml version="1.0" encoding="UTF-8"?>
<!-- Generated by org.testng.reporters.JUnitXMLReporter -->
<testsuite ignored="0" hostname="DESKTOP-KB5NO3L" failures="0" tests="3" name="Default test" time="0.125" errors="0" timestamp="2024-11-27T20:35:14 IST">
  <testcase classname="testNG.Demo1" name="TC01_OpenBrowser" time="0.019"/>
  <testcase classname="testNG.Demo1" name="TC02_LoginUserName" time="0.009"/>
  <testcase classname="testNG.Demo1" name="TC03_LoginPassword" time="0.004"/>
</testsuite> <!-- Default test -->
