<?xml version="1.0" encoding="UTF-8"?>
<!-- Generated by org.testng.reporters.JUnitXMLReporter -->
<testsuite ignored="0" hostname="DESKTOP-KB5NO3L" failures="0" tests="4" name="Default test" time="0.131" errors="0" timestamp="2024-11-10T16:55:56 IST">
  <testcase classname="testNG.Before_and_AfterAnnotation_TestNG" name="login" time="0.017"/>
  <testcase classname="testNG.Before_and_AfterAnnotation_TestNG" name="logoutBrowser" time="0.003"/>
  <testcase classname="testNG.Before_and_AfterAnnotation_TestNG" name="search" time="0.005"/>
  <testcase classname="testNG.Before_and_AfterAnnotation_TestNG" name="selectItem" time="0.004"/>
</testsuite> <!-- Default test -->
