<?xml version="1.0" encoding="UTF-8"?>
<testng-results ignored="0" total="6" passed="6" failed="0" skipped="0">
  <reporter-output>
  </reporter-output>
  <suite started-at="2025-01-09T23:11:55 IST" name="Default suite" finished-at="2025-01-09T23:11:56 IST" duration-ms="200">
    <groups>
    </groups>
    <test started-at="2025-01-09T23:11:55 IST" name="Default test" finished-at="2025-01-09T23:11:56 IST" duration-ms="200">
      <class name="testNG.DependsOn_Features">
        <test-method signature="jayesh()[pri:0, instance:testNG.DependsOn_Features@6c80d78a]" started-at="2025-01-09T23:11:56 IST" name="jayesh" finished-at="2025-01-09T23:11:56 IST" duration-ms="31" status="PASS">
          <reporter-output>
          </reporter-output>
        </test-method> <!-- jayesh -->
        <test-method signature="nishant()[pri:0, instance:testNG.DependsOn_Features@6c80d78a]" started-at="2025-01-09T23:11:56 IST" name="nishant" finished-at="2025-01-09T23:11:56 IST" duration-ms="9" status="PASS">
          <reporter-output>
          </reporter-output>
        </test-method> <!-- nishant -->
        <test-method signature="pranav()[pri:0, instance:testNG.DependsOn_Features@6c80d78a]" started-at="2025-01-09T23:11:56 IST" name="pranav" finished-at="2025-01-09T23:11:56 IST" duration-ms="11" status="PASS">
          <reporter-output>
          </reporter-output>
        </test-method> <!-- pranav -->
        <test-method signature="aman()[pri:0, instance:testNG.DependsOn_Features@6c80d78a]" started-at="2025-01-09T23:11:56 IST" name="aman" finished-at="2025-01-09T23:11:56 IST" duration-ms="5" status="PASS">
          <reporter-output>
          </reporter-output>
        </test-method> <!-- aman -->
        <test-method signature="tejas()[pri:0, instance:testNG.DependsOn_Features@6c80d78a]" started-at="2025-01-09T23:11:56 IST" name="tejas" finished-at="2025-01-09T23:11:56 IST" depends-on-methods="testNG.DependsOn_Features.pranav" duration-ms="3" status="PASS">
          <reporter-output>
          </reporter-output>
        </test-method> <!-- tejas -->
        <test-method signature="vivek()[pri:0, instance:testNG.DependsOn_Features@6c80d78a]" started-at="2025-01-09T23:11:56 IST" name="vivek" finished-at="2025-01-09T23:11:56 IST" depends-on-methods="testNG.DependsOn_Features.nishant" duration-ms="3" status="PASS">
          <reporter-output>
          </reporter-output>
        </test-method> <!-- vivek -->
      </class> <!-- testNG.DependsOn_Features -->
    </test> <!-- Default test -->
  </suite> <!-- Default suite -->
</testng-results>
