<?xml version="1.0" encoding="UTF-8"?>
<testng-results ignored="0" total="6" passed="6" failed="0" skipped="0">
  <reporter-output>
    <line>
      <![CDATA[Username]]>
    </line>
    <line>
      <![CDATA[Password]]>
    </line>
    <line>
      <![CDATA[Username2]]>
    </line>
    <line>
      <![CDATA[Password2]]>
    </line>
  </reporter-output>
  <suite started-at="2024-11-27T20:38:35 IST" name="Suite" finished-at="2024-11-27T20:38:36 IST" duration-ms="135">
    <groups>
    </groups>
    <test started-at="2024-11-27T20:38:35 IST" name="Test" finished-at="2024-11-27T20:38:36 IST" duration-ms="135">
      <class name="testNG.Demo2">
        <test-method signature="TC04_OpenBrowser()[pri:0, instance:testNG.Demo2@49ec71f8]" started-at="2024-11-27T20:38:36 IST" name="TC04_OpenBrowser" finished-at="2024-11-27T20:38:36 IST" duration-ms="4" status="PASS">
          <reporter-output>
          </reporter-output>
        </test-method> <!-- TC04_OpenBrowser -->
        <test-method signature="TC05_LoginUserName()[pri:0, instance:testNG.Demo2@49ec71f8]" started-at="2024-11-27T20:38:36 IST" name="TC05_LoginUserName" finished-at="2024-11-27T20:38:36 IST" duration-ms="5" status="PASS">
          <reporter-output>
            <line>
              <![CDATA[Username2]]>
            </line>
          </reporter-output>
        </test-method> <!-- TC05_LoginUserName -->
        <test-method signature="TC06_LoginPassword()[pri:0, instance:testNG.Demo2@49ec71f8]" started-at="2024-11-27T20:38:36 IST" name="TC06_LoginPassword" finished-at="2024-11-27T20:38:36 IST" duration-ms="5" status="PASS">
          <reporter-output>
            <line>
              <![CDATA[Password2]]>
            </line>
          </reporter-output>
        </test-method> <!-- TC06_LoginPassword -->
        <test-method is-config="true" signature="afterTest()[pri:0, instance:testNG.Demo2@49ec71f8]" started-at="2024-11-27T20:38:36 IST" name="afterTest" finished-at="2024-11-27T20:38:36 IST" duration-ms="1" status="PASS">
          <reporter-output>
          </reporter-output>
        </test-method> <!-- afterTest -->
      </class> <!-- testNG.Demo2 -->
      <class name="testNG.Demo1">
        <test-method is-config="true" signature="beforeSuite()[pri:0, instance:testNG.Demo1@478190fc]" started-at="2024-11-27T20:38:35 IST" name="beforeSuite" finished-at="2024-11-27T20:38:35 IST" duration-ms="12" status="PASS">
          <reporter-output>
          </reporter-output>
        </test-method> <!-- beforeSuite -->
        <test-method is-config="true" signature="beforeTest()[pri:0, instance:testNG.Demo1@478190fc]" started-at="2024-11-27T20:38:35 IST" name="beforeTest" finished-at="2024-11-27T20:38:35 IST" duration-ms="1" status="PASS">
          <reporter-output>
          </reporter-output>
        </test-method> <!-- beforeTest -->
        <test-method signature="TC01_OpenBrowser()[pri:0, instance:testNG.Demo1@478190fc]" started-at="2024-11-27T20:38:35 IST" name="TC01_OpenBrowser" finished-at="2024-11-27T20:38:35 IST" duration-ms="16" status="PASS">
          <reporter-output>
          </reporter-output>
        </test-method> <!-- TC01_OpenBrowser -->
        <test-method signature="TC02_LoginUserName()[pri:0, instance:testNG.Demo1@478190fc]" started-at="2024-11-27T20:38:36 IST" name="TC02_LoginUserName" finished-at="2024-11-27T20:38:36 IST" duration-ms="8" status="PASS">
          <reporter-output>
            <line>
              <![CDATA[Username]]>
            </line>
          </reporter-output>
        </test-method> <!-- TC02_LoginUserName -->
        <test-method signature="TC03_LoginPassword()[pri:0, instance:testNG.Demo1@478190fc]" started-at="2024-11-27T20:38:36 IST" name="TC03_LoginPassword" finished-at="2024-11-27T20:38:36 IST" duration-ms="2" status="PASS">
          <reporter-output>
            <line>
              <![CDATA[Password]]>
            </line>
          </reporter-output>
        </test-method> <!-- TC03_LoginPassword -->
      </class> <!-- testNG.Demo1 -->
    </test> <!-- Test -->
  </suite> <!-- Suite -->
</testng-results>
