<?xml version="1.0" encoding="UTF-8"?>
<!-- Generated by org.testng.reporters.JUnitXMLReporter -->
<testsuite ignored="0" hostname="DESKTOP-KB5NO3L" failures="0" tests="6" name="Test1" time="0.175" errors="0" timestamp="2024-11-27T20:35:38 IST">
  <testcase classname="testNG.Demo1" name="TC01_OpenBrowser" time="0.021"/>
  <testcase classname="testNG.Demo1" name="TC02_LoginUserName" time="0.009"/>
  <testcase classname="testNG.Demo1" name="TC03_LoginPassword" time="0.006"/>
  <testcase classname="testNG.Demo2" name="TC04_OpenBrowser" time="0.003"/>
  <testcase classname="testNG.Demo2" name="TC05_LoginUserName" time="0.015"/>
  <testcase classname="testNG.Demo2" name="TC06_LoginPassword" time="0.007"/>
</testsuite> <!-- Test1 -->
