<?xml version="1.0" encoding="UTF-8"?>
<!-- Generated by org.testng.reporters.JUnitXMLReporter -->
<testsuite ignored="0" hostname="DESKTOP-KB5NO3L" failures="0" tests="6" name="Test" time="0.135" errors="0" timestamp="2024-11-27T20:38:36 IST">
  <testcase classname="testNG.Demo1" name="TC01_OpenBrowser" time="0.016"/>
  <testcase classname="testNG.Demo1" name="TC02_LoginUserName" time="0.008"/>
  <testcase classname="testNG.Demo1" name="TC03_LoginPassword" time="0.002"/>
  <testcase classname="testNG.Demo2" name="TC04_OpenBrowser" time="0.004"/>
  <testcase classname="testNG.Demo2" name="TC05_LoginUserName" time="0.005"/>
  <testcase classname="testNG.Demo2" name="TC06_LoginPassword" time="0.005"/>
</testsuite> <!-- Test -->
