<?xml version="1.0" encoding="UTF-8"?>
<!-- Generated by org.testng.reporters.JUnitXMLReporter -->
<testsuite ignored="0" hostname="DESKTOP-KB5NO3L" failures="0" tests="6" name="Test1" time="0.338" errors="0" timestamp="2024-12-01T11:34:21 IST">
  <testcase classname="testNG.Demo1" name="TC01_OpenBrowser" time="0.038"/>
  <testcase classname="testNG.Demo1" name="TC02_LoginUserName" time="0.067"/>
  <testcase classname="testNG.Demo1" name="TC03_LoginPassword" time="0.01"/>
  <testcase classname="testNG.Demo2" name="TC04_OpenBrowser" time="0.003"/>
  <testcase classname="testNG.Demo2" name="TC05_LoginUserName" time="0.002"/>
  <testcase classname="testNG.Demo2" name="TC06_LoginPassword" time="0.021"/>
</testsuite> <!-- Test1 -->
