<?xml version="1.0" encoding="UTF-8"?>
<!-- Generated by org.testng.reporters.JUnitXMLReporter -->
<testsuite ignored="0" hostname="DESKTOP-KB5NO3L" failures="0" tests="3" name="Test2" time="0.041" errors="0" timestamp="2024-12-01T11:34:21 IST">
  <testcase classname="testNG.Demo3" name="TC07_OpenBrowser" time="0.013"/>
  <testcase classname="testNG.Demo3" name="TC08_LoginUserName" time="0.002"/>
  <testcase classname="testNG.Demo3" name="TC09_LoginPassword" time="0.006"/>
</testsuite> <!-- Test2 -->
